<?xml version="1.0" encoding="UTF-8"?>
<testng-results ignored="0" total="1" passed="1" failed="0" skipped="0">
  <reporter-output>
    <line>
      <![CDATA[its R3 class]]>
    </line>
  </reporter-output>
  <suite started-at="2022-08-19T11:55:47 IST" name="Default suite" finished-at="2022-08-19T11:55:48 IST" duration-ms="78">
    <groups>
    </groups>
    <test started-at="2022-08-19T11:55:47 IST" name="Default test" finished-at="2022-08-19T11:55:48 IST" duration-ms="78">
      <class name="testng.R3">
        <test-method signature="f()[pri:0, instance:testng.R3@c333c60]" started-at="2022-08-19T11:55:48 IST" name="f" finished-at="2022-08-19T11:55:48 IST" duration-ms="15" status="PASS">
          <reporter-output>
            <line>
              <![CDATA[its R3 class]]>
            </line>
          </reporter-output>
        </test-method> <!-- f -->
      </class> <!-- testng.R3 -->
    </test> <!-- Default test -->
  </suite> <!-- Default suite -->
</testng-results>
